<?xml version="1.0" encoding="UTF-8"?>
<testsuite xmlns:xsi="http://www.w3.org/2001/XMLSchema-instance" xsi:noNamespaceSchemaLocation="https://maven.apache.org/surefire/maven-surefire-plugin/xsd/surefire-test-report-3.0.xsd" version="3.0" name="FileHandlerTest" time="0.082" tests="5" errors="0" skipped="0" failures="0">
  <properties>
[...]
</properties>
  <testcase name="testSave" classname="FileHandlerTest" time="0.033">
    <system-out><![CDATA[Form saved successfully.
]]></system-out>
  </testcase>
  <testcase name="testSelectForm_NotFound" classname="FileHandlerTest" time="0.002"/>
  <testcase name="testReplaceInfo" classname="FileHandlerTest" time="0.003">
    <system-out><![CDATA[Form saved successfully.
]]></system-out>
  </testcase>
  <testcase name="testSaveFormsToFile" classname="FileHandlerTest" time="0.01">
    <system-out><![CDATA[ Forms saved to test_output.txt
]]></system-out>
  </testcase>
  <testcase name="testDelete" classname="FileHandlerTest" time="0.003">
    <system-out><![CDATA[Form saved successfully.
Form number: 2 deleted successfully.
 Forms saved to Form.txt
]]></system-out>
  </testcase>
</testsuite>